[22:36:05] [Client thread/INFO]: Setting user: Player751
[22:36:09] [Client thread/WARN]: Skipping bad option: lastServer:
[22:36:09] [Client thread/INFO]: LWJGL Version: 2.9.4
[22:36:10] [Client thread/INFO]: [STDOUT]: ---- Minecraft Crash Report ----
// You're mean.

Time: 5/15/17 10:36 PM
Description: Loading screen debug info

This is just a prompt for computer specs to be printed. THIS IS NOT A ERROR


A detailed walkthrough of the error, its code path and all known details is as follows:
---------------------------------------------------------------------------------------

-- System Details --
Details:
	Minecraft Version: 1.11.2
	Operating System: Windows 7 (amd64) version 6.1
	Java Version: 1.8.0_131, Oracle Corporation
	Java VM Version: Java HotSpot(TM) 64-Bit Server VM (mixed mode), Oracle Corporation
	Memory: 446324480 bytes (425 MB) / 834666496 bytes (796 MB) up to 5702680576 bytes (5438 MB)
	JVM Flags: 0 total; 
	IntCache: cache: 0, tcache: 0, allocated: 0, tallocated: 0
	FML: 
	Loaded coremods (and transformers): 
	GL info: ' Vendor: 'NVIDIA Corporation' Version: '4.5.0 NVIDIA 382.05' Renderer: 'GeForce GTX 970/PCIe/SSE2'
[22:36:12] [Client thread/INFO]: Reloading ResourceManager: Default, FMLFileResourcePack:Forge Mod Loader, FMLFileResourcePack:Minecraft Forge, FMLFileResourcePack:AeroGen mod
[22:36:14] [Sound Library Loader/INFO]: Starting up SoundSystem...
[22:36:14] [Thread-8/INFO]: Initializing LWJGL OpenAL
[22:36:14] [Thread-8/INFO]: (The LWJGL binding of OpenAL.  For more information, see http://www.lwjgl.org)
[22:36:14] [Thread-8/INFO]: OpenAL initialized.
[22:36:15] [Sound Library Loader/INFO]: Sound engine started
[22:36:17] [Client thread/INFO]: Created: 16x16 textures-atlas
[22:36:17] [Client thread/INFO]: [STDOUT]: Loading aerogen version 1.0
[22:36:17] [Client thread/INFO]: Reloading ResourceManager: Default, FMLFileResourcePack:Forge Mod Loader, FMLFileResourcePack:Minecraft Forge, FMLFileResourcePack:AeroGen mod
[22:36:19] [Client thread/INFO]: SoundSystem shutting down...
[22:36:19] [Client thread/WARN]: Author: Paul Lamb, www.paulscode.com
[22:36:19] [Sound Library Loader/INFO]: Starting up SoundSystem...
[22:36:19] [Thread-10/INFO]: Initializing LWJGL OpenAL
[22:36:19] [Thread-10/INFO]: (The LWJGL binding of OpenAL.  For more information, see http://www.lwjgl.org)
[22:36:19] [Thread-10/INFO]: OpenAL initialized.
[22:36:20] [Sound Library Loader/INFO]: Sound engine started
[22:36:21] [Client thread/INFO]: Created: 512x512 textures-atlas
[22:36:22] [Client thread/WARN]: Skipping bad option: lastServer:
[22:36:23] [Realms Notification Availability checker #1/INFO]: Could not authorize you against Realms server: Invalid session id
[22:36:36] [Server thread/INFO]: Starting integrated minecraft server version 1.11.2
[22:36:36] [Server thread/INFO]: Generating keypair
[22:36:37] [Server thread/INFO]: Preparing start region for level 0
[22:36:38] [Server thread/INFO]: Preparing spawn area: 7%
[22:36:39] [Server thread/INFO]: Preparing spawn area: 19%
[22:36:40] [Server thread/INFO]: Preparing spawn area: 33%
[22:36:41] [Server thread/INFO]: Preparing spawn area: 46%
[22:36:42] [Server thread/INFO]: Preparing spawn area: 58%
[22:36:43] [Server thread/INFO]: Preparing spawn area: 70%
[22:36:44] [Server thread/INFO]: Preparing spawn area: 81%
[22:36:45] [Server thread/INFO]: Preparing spawn area: 92%
[22:36:46] [Server thread/INFO]: Changing view distance to 32, from 10
[22:36:47] [Server thread/INFO]: Player751[local:E:9df557cc] logged in with entity id 1036 at (26.5, 70.0, 250.5)
[22:36:47] [Server thread/INFO]: Player751 joined the game
[22:36:49] [pool-2-thread-1/WARN]: Couldn't look up profile properties for com.mojang.authlib.GameProfile@48fe867f[id=fe412f9e-f508-30d0-b407-ff978cf8fc5c,name=Player751,properties={},legacy=false]
com.mojang.authlib.exceptions.AuthenticationException: The client has sent too many requests within a certain amount of time
	at com.mojang.authlib.yggdrasil.YggdrasilAuthenticationService.makeRequest(YggdrasilAuthenticationService.java:79) ~[YggdrasilAuthenticationService.class:?]
	at com.mojang.authlib.yggdrasil.YggdrasilMinecraftSessionService.fillGameProfile(YggdrasilMinecraftSessionService.java:180) [YggdrasilMinecraftSessionService.class:?]
	at com.mojang.authlib.yggdrasil.YggdrasilMinecraftSessionService$1.load(YggdrasilMinecraftSessionService.java:60) [YggdrasilMinecraftSessionService$1.class:?]
	at com.mojang.authlib.yggdrasil.YggdrasilMinecraftSessionService$1.load(YggdrasilMinecraftSessionService.java:57) [YggdrasilMinecraftSessionService$1.class:?]
	at com.google.common.cache.LocalCache$LoadingValueReference.loadFuture(LocalCache.java:3524) [guava-17.0.jar:?]
	at com.google.common.cache.LocalCache$Segment.loadSync(LocalCache.java:2317) [guava-17.0.jar:?]
	at com.google.common.cache.LocalCache$Segment.lockedGetOrLoad(LocalCache.java:2280) [guava-17.0.jar:?]
	at com.google.common.cache.LocalCache$Segment.get(LocalCache.java:2195) [guava-17.0.jar:?]
	at com.google.common.cache.LocalCache.get(LocalCache.java:3934) [guava-17.0.jar:?]
	at com.google.common.cache.LocalCache.getOrLoad(LocalCache.java:3938) [guava-17.0.jar:?]
	at com.google.common.cache.LocalCache$LocalLoadingCache.get(LocalCache.java:4821) [guava-17.0.jar:?]
	at com.google.common.cache.LocalCache$LocalLoadingCache.getUnchecked(LocalCache.java:4827) [guava-17.0.jar:?]
	at com.mojang.authlib.yggdrasil.YggdrasilMinecraftSessionService.fillProfileProperties(YggdrasilMinecraftSessionService.java:170) [YggdrasilMinecraftSessionService.class:?]
	at net.minecraft.client.Minecraft.getProfileProperties(Minecraft.java:3056) [Minecraft.class:?]
	at net.minecraft.client.resources.SkinManager$3.run(SkinManager.java:138) [SkinManager$3.class:?]
	at java.util.concurrent.Executors$RunnableAdapter.call(Unknown Source) [?:1.8.0_131]
	at java.util.concurrent.FutureTask.run(Unknown Source) [?:1.8.0_131]
	at java.util.concurrent.ThreadPoolExecutor.runWorker(Unknown Source) [?:1.8.0_131]
	at java.util.concurrent.ThreadPoolExecutor$Worker.run(Unknown Source) [?:1.8.0_131]
	at java.lang.Thread.run(Unknown Source) [?:1.8.0_131]
[22:36:51] [Server thread/WARN]: Can't keep up! Did the system time change, or is the server overloaded? Running 4690ms behind, skipping 93 tick(s)
[22:36:56] [Server thread/INFO]: [STDOUT]: From: default
[22:36:56] [Server thread/INFO]: [STDOUT]: To: default
[22:37:12] [Server thread/INFO]: [Player751: Set own game mode to Creative Mode]
[22:37:12] [Client thread/INFO]: [CHAT] Your game mode has been updated to Creative Mode
[22:37:12] [Server thread/INFO]: Saving and pausing game...
[22:37:12] [Server thread/INFO]: Saving chunks for level 'Test 2'/Overworld
[22:37:13] [Server thread/INFO]: Saving chunks for level 'Test 2'/Nether
[22:37:13] [Server thread/INFO]: Saving chunks for level 'Test 2'/The End
[22:37:13] [Server thread/INFO]: Saving chunks for level 'Test 2'/The Sky
[22:37:13] [Server thread/WARN]: Can't keep up! Did the system time change, or is the server overloaded? Running 10525ms behind, skipping 210 tick(s)
[22:39:44] [Server thread/WARN]: Can't keep up! Did the system time change, or is the server overloaded? Running 4875ms behind, skipping 97 tick(s)
[22:39:51] [Server thread/INFO]: [STDOUT]: From: default
[22:39:51] [Server thread/INFO]: [STDOUT]: To: default
[22:40:11] [Server thread/INFO]: Saving and pausing game...
[22:40:11] [Server thread/INFO]: Saving chunks for level 'Test 2'/Overworld
[22:40:11] [Server thread/INFO]: Saving chunks for level 'Test 2'/The End
[22:40:11] [Server thread/INFO]: Saving chunks for level 'Test 2'/The Sky
[22:40:12] [Server thread/INFO]: Stopping server
[22:40:12] [Server thread/INFO]: Saving players
[22:40:12] [Server thread/INFO]: Player751 lost connection: TextComponent{text='Disconnected', siblings=[], style=Style{hasParent=false, color=null, bold=null, italic=null, underlined=null, obfuscated=null, clickEvent=null, hoverEvent=null, insertion=null}}
[22:40:12] [Server thread/INFO]: Player751 left the game
[22:40:12] [Server thread/INFO]: Stopping singleplayer server as player logged out
[22:40:12] [Server thread/INFO]: Saving worlds
[22:40:12] [Server thread/INFO]: Saving chunks for level 'Test 2'/Overworld
[22:40:12] [Server thread/INFO]: Saving chunks for level 'Test 2'/The End
[22:40:12] [Server thread/INFO]: Saving chunks for level 'Test 2'/The Sky
[22:40:13] [Client thread/INFO]: Stopping!
[22:40:13] [Client thread/INFO]: SoundSystem shutting down...
[22:40:13] [Client thread/WARN]: Author: Paul Lamb, www.paulscode.com
